[  53570]   WARN - openapi.wm.impl.ToolWindowImpl - ToolWindow icons should be 13x13. Please fix ToolWindow (ID:  SBT) or icon jar:file:/home/rob/.IdeaIC14/config/plugins/Scala/lib/scala-plugin.jar!/sbt.png 
[  96830]   WARN - nal.AbstractExternalSystemTask - /home/rob/workspace/ScalaBook/datastructures/build.sbt:8: error: eof expected but ';' found.
libraryDependencies += "org.scalacheck" %% "scalacheck" % "1.12.2" % "test"
[error] Error parsing expression.  Ensure that settings are separated by blank lines.
^
 
com.intellij.openapi.externalSystem.model.ExternalSystemException: /home/rob/workspace/ScalaBook/datastructures/build.sbt:8: error: eof expected but ';' found.
libraryDependencies += "org.scalacheck" %% "scalacheck" % "1.12.2" % "test"
[error] Error parsing expression.  Ensure that settings are separated by blank lines.
^

	at com.intellij.openapi.externalSystem.service.remote.wrapper.ExternalSystemProjectResolverWrapper.resolveProjectInfo(ExternalSystemProjectResolverWrapper.java:59)
	at com.intellij.openapi.externalSystem.service.internal.ExternalSystemResolveProjectTask.doExecute(ExternalSystemResolveProjectTask.java:51)
	at com.intellij.openapi.externalSystem.service.internal.AbstractExternalSystemTask.execute(AbstractExternalSystemTask.java:137)
	at com.intellij.openapi.externalSystem.service.internal.AbstractExternalSystemTask.execute(AbstractExternalSystemTask.java:123)
	at com.intellij.openapi.externalSystem.util.ExternalSystemUtil$2.execute(ExternalSystemUtil.java:477)
	at com.intellij.openapi.externalSystem.util.ExternalSystemUtil$3$2.run(ExternalSystemUtil.java:554)
	at com.intellij.openapi.progress.impl.ProgressManagerImpl$TaskRunnable.run(ProgressManagerImpl.java:621)
	at com.intellij.openapi.progress.impl.ProgressManagerImpl$3.run(ProgressManagerImpl.java:194)
	at com.intellij.openapi.progress.impl.ProgressManagerImpl.registerIndicatorAndRun(ProgressManagerImpl.java:281)
	at com.intellij.openapi.progress.impl.ProgressManagerImpl.executeProcessUnderProgress(ProgressManagerImpl.java:233)
	at com.intellij.openapi.progress.impl.ProgressManagerImpl.runProcess(ProgressManagerImpl.java:181)
	at com.intellij.openapi.progress.impl.ProgressManagerImpl$9.run(ProgressManagerImpl.java:530)
	at com.intellij.openapi.application.impl.ApplicationImpl$8.run(ApplicationImpl.java:406)
	at java.util.concurrent.Executors$RunnableAdapter.call(Executors.java:471)
	at java.util.concurrent.FutureTask.run(FutureTask.java:262)
	at java.util.concurrent.ThreadPoolExecutor.runWorker(ThreadPoolExecutor.java:1145)
	at java.util.concurrent.ThreadPoolExecutor$Worker.run(ThreadPoolExecutor.java:615)
	at java.lang.Thread.run(Thread.java:745)
	at org.jetbrains.ide.PooledThreadExecutor$1$1.run(PooledThreadExecutor.java:56)
java.lang.reflect.UndeclaredThrowableException
	at com.sun.proxy.$Proxy3.resolveProjectInfo(Unknown Source)
	at sun.reflect.NativeMethodAccessorImpl.invoke0(Native Method)
	at sun.reflect.NativeMethodAccessorImpl.invoke(NativeMethodAccessorImpl.java:57)
	at sun.reflect.DelegatingMethodAccessorImpl.invoke(DelegatingMethodAccessorImpl.java:43)
	at java.lang.reflect.Method.invoke(Method.java:606)
	at sun.rmi.server.UnicastServerRef.dispatch(UnicastServerRef.java:322)
	at sun.rmi.transport.Transport$2.run(Transport.java:202)
	at sun.rmi.transport.Transport$2.run(Transport.java:199)
	at java.security.AccessController.doPrivileged(Native Method)
	at sun.rmi.transport.Transport.serviceCall(Transport.java:198)
	at sun.rmi.transport.tcp.TCPTransport.handleMessages(TCPTransport.java:567)
	at sun.rmi.transport.tcp.TCPTransport$ConnectionHandler.run0(TCPTransport.java:828)
	at sun.rmi.transport.tcp.TCPTransport$ConnectionHandler.access$400(TCPTransport.java:619)
	at sun.rmi.transport.tcp.TCPTransport$ConnectionHandler$1.run(TCPTransport.java:684)
	at sun.rmi.transport.tcp.TCPTransport$ConnectionHandler$1.run(TCPTransport.java:681)
	at java.security.AccessController.doPrivileged(Native Method)
	at sun.rmi.transport.tcp.TCPTransport$ConnectionHandler.run(TCPTransport.java:681)
	at java.util.concurrent.ThreadPoolExecutor.runWorker(ThreadPoolExecutor.java:1145)
	at java.util.concurrent.ThreadPoolExecutor$Worker.run(ThreadPoolExecutor.java:615)
	at java.lang.Thread.run(Thread.java:745)
	at sun.rmi.transport.StreamRemoteCall.exceptionReceivedFromServer(StreamRemoteCall.java:275)
	at sun.rmi.transport.StreamRemoteCall.executeCall(StreamRemoteCall.java:252)
	at sun.rmi.server.UnicastRef.invoke(UnicastRef.java:161)
	at java.rmi.server.RemoteObjectInvocationHandler.invokeRemoteMethod(RemoteObjectInvocationHandler.java:194)
	at java.rmi.server.RemoteObjectInvocationHandler.invoke(RemoteObjectInvocationHandler.java:148)
	at com.sun.proxy.$Proxy97.resolveProjectInfo(Unknown Source)
	at sun.reflect.NativeMethodAccessorImpl.invoke0(Native Method)
	at sun.reflect.NativeMethodAccessorImpl.invoke(NativeMethodAccessorImpl.java:57)
	at sun.reflect.DelegatingMethodAccessorImpl.invoke(DelegatingMethodAccessorImpl.java:43)
	at java.lang.reflect.Method.invoke(Method.java:606)
	at com.intellij.execution.rmi.RemoteUtil.invokeRemote(RemoteUtil.java:124)
	at com.intellij.execution.rmi.RemoteUtil.access$100(RemoteUtil.java:36)
	at com.intellij.execution.rmi.RemoteUtil$2$1$1.compute(RemoteUtil.java:105)
	at com.intellij.execution.rmi.RemoteUtil.executeWithClassLoader(RemoteUtil.java:181)
	at com.intellij.execution.rmi.RemoteUtil$2$1.invoke(RemoteUtil.java:102)
	at com.sun.proxy.$Proxy97.resolveProjectInfo(Unknown Source)
	at com.intellij.openapi.externalSystem.service.remote.wrapper.ExternalSystemProjectResolverWrapper.resolveProjectInfo(ExternalSystemProjectResolverWrapper.java:49)
	at com.intellij.openapi.externalSystem.service.internal.ExternalSystemResolveProjectTask.doExecute(ExternalSystemResolveProjectTask.java:51)
	at com.intellij.openapi.externalSystem.service.internal.AbstractExternalSystemTask.execute(AbstractExternalSystemTask.java:137)
	at com.intellij.openapi.externalSystem.service.internal.AbstractExternalSystemTask.execute(AbstractExternalSystemTask.java:123)
	at com.intellij.openapi.externalSystem.util.ExternalSystemUtil$2.execute(ExternalSystemUtil.java:477)
	at com.intellij.openapi.externalSystem.util.ExternalSystemUtil$3$2.run(ExternalSystemUtil.java:554)
	at com.intellij.openapi.progress.impl.ProgressManagerImpl$TaskRunnable.run(ProgressManagerImpl.java:621)
	at com.intellij.openapi.progress.impl.ProgressManagerImpl$3.run(ProgressManagerImpl.java:194)
	at com.intellij.openapi.progress.impl.ProgressManagerImpl.registerIndicatorAndRun(ProgressManagerImpl.java:281)
	at com.intellij.openapi.progress.impl.ProgressManagerImpl.executeProcessUnderProgress(ProgressManagerImpl.java:233)
	at com.intellij.openapi.progress.impl.ProgressManagerImpl.runProcess(ProgressManagerImpl.java:181)
	at com.intellij.openapi.progress.impl.ProgressManagerImpl$9.run(ProgressManagerImpl.java:530)
	at com.intellij.openapi.application.impl.ApplicationImpl$8.run(ApplicationImpl.java:406)
	at java.util.concurrent.Executors$RunnableAdapter.call(Executors.java:471)
	at java.util.concurrent.FutureTask.run(FutureTask.java:262)
	at java.util.concurrent.ThreadPoolExecutor.runWorker(ThreadPoolExecutor.java:1145)
	at java.util.concurrent.ThreadPoolExecutor$Worker.run(ThreadPoolExecutor.java:615)
	at java.lang.Thread.run(Thread.java:745)
	at org.jetbrains.ide.PooledThreadExecutor$1$1.run(PooledThreadExecutor.java:56)
Caused by: java.lang.reflect.InvocationTargetException
	at sun.reflect.NativeMethodAccessorImpl.invoke0(Native Method)
	at sun.reflect.NativeMethodAccessorImpl.invoke(NativeMethodAccessorImpl.java:57)
	at sun.reflect.DelegatingMethodAccessorImpl.invoke(DelegatingMethodAccessorImpl.java:43)
	at java.lang.reflect.Method.invoke(Method.java:606)
	at com.intellij.openapi.externalSystem.service.RemoteExternalSystemFacadeImpl$1.invoke(RemoteExternalSystemFacadeImpl.java:113)
	at com.sun.proxy.$Proxy3.resolveProjectInfo(Unknown Source)
	at sun.reflect.NativeMethodAccessorImpl.invoke0(Native Method)
	at sun.reflect.NativeMethodAccessorImpl.invoke(NativeMethodAccessorImpl.java:57)
	at sun.reflect.DelegatingMethodAccessorImpl.invoke(DelegatingMethodAccessorImpl.java:43)
	at java.lang.reflect.Method.invoke(Method.java:606)
	at sun.rmi.server.UnicastServerRef.dispatch(UnicastServerRef.java:322)
	at sun.rmi.transport.Transport$2.run(Transport.java:202)
	at sun.rmi.transport.Transport$2.run(Transport.java:199)
	at java.security.AccessController.doPrivileged(Native Method)
	at sun.rmi.transport.Transport.serviceCall(Transport.java:198)
	at sun.rmi.transport.tcp.TCPTransport.handleMessages(TCPTransport.java:567)
	at sun.rmi.transport.tcp.TCPTransport$ConnectionHandler.run0(TCPTransport.java:828)
	at sun.rmi.transport.tcp.TCPTransport$ConnectionHandler.access$400(TCPTransport.java:619)
	at sun.rmi.transport.tcp.TCPTransport$ConnectionHandler$1.run(TCPTransport.java:684)
	at sun.rmi.transport.tcp.TCPTransport$ConnectionHandler$1.run(TCPTransport.java:681)
	at java.security.AccessController.doPrivileged(Native Method)
	at sun.rmi.transport.tcp.TCPTransport$ConnectionHandler.run(TCPTransport.java:681)
	at java.util.concurrent.ThreadPoolExecutor.runWorker(ThreadPoolExecutor.java:1145)
	at java.util.concurrent.ThreadPoolExecutor$Worker.run(ThreadPoolExecutor.java:615)
	at java.lang.Thread.run(Thread.java:745)
Caused by: com.intellij.openapi.externalSystem.model.ExternalSystemException: /home/rob/workspace/ScalaBook/datastructures/build.sbt:8: error: eof expected but ';' found.
libraryDependencies += "org.scalacheck" %% "scalacheck" % "1.12.2" % "test"
[error] Error parsing expression.  Ensure that settings are separated by blank lines.
^

	at org.jetbrains.sbt.project.SbtProjectResolver.resolveProjectInfo(SbtProjectResolver.scala:47)
	at org.jetbrains.sbt.project.SbtProjectResolver.resolveProjectInfo(SbtProjectResolver.scala:23)
	at com.intellij.openapi.externalSystem.service.remote.RemoteExternalSystemProjectResolverImpl$1.produce(RemoteExternalSystemProjectResolverImpl.java:41)
	at com.intellij.openapi.externalSystem.service.remote.RemoteExternalSystemProjectResolverImpl$1.produce(RemoteExternalSystemProjectResolverImpl.java:37)
	at com.intellij.openapi.externalSystem.service.remote.AbstractRemoteExternalSystemService.execute(AbstractRemoteExternalSystemService.java:59)
	at com.intellij.openapi.externalSystem.service.remote.RemoteExternalSystemProjectResolverImpl.resolveProjectInfo(RemoteExternalSystemProjectResolverImpl.java:37)
	... 25 more

MEvent. CASE!
MEvent. CASE!
[ 174708]   WARN - nal.AbstractExternalSystemTask - /home/rob/workspace/Luhn/build.sbt:8: error: eof expected but ';' found.
libraryDependencies += "org.scalacheck" %% "scalacheck" % "1.12.2" % "test"
[error] Error parsing expression.  Ensure that settings are separated by blank lines.
^
 
com.intellij.openapi.externalSystem.model.ExternalSystemException: /home/rob/workspace/Luhn/build.sbt:8: error: eof expected but ';' found.
libraryDependencies += "org.scalacheck" %% "scalacheck" % "1.12.2" % "test"
[error] Error parsing expression.  Ensure that settings are separated by blank lines.
^

	at com.intellij.openapi.externalSystem.service.remote.wrapper.ExternalSystemProjectResolverWrapper.resolveProjectInfo(ExternalSystemProjectResolverWrapper.java:59)
	at com.intellij.openapi.externalSystem.service.internal.ExternalSystemResolveProjectTask.doExecute(ExternalSystemResolveProjectTask.java:51)
	at com.intellij.openapi.externalSystem.service.internal.AbstractExternalSystemTask.execute(AbstractExternalSystemTask.java:137)
	at com.intellij.openapi.externalSystem.service.internal.AbstractExternalSystemTask.execute(AbstractExternalSystemTask.java:123)
	at com.intellij.openapi.externalSystem.util.ExternalSystemUtil$2.execute(ExternalSystemUtil.java:477)
	at com.intellij.openapi.externalSystem.util.ExternalSystemUtil$3$1.run(ExternalSystemUtil.java:545)
	at com.intellij.openapi.progress.impl.ProgressManagerImpl$TaskRunnable.run(ProgressManagerImpl.java:621)
	at com.intellij.openapi.progress.impl.ProgressManagerImpl$7.run(ProgressManagerImpl.java:422)
	at com.intellij.openapi.progress.impl.ProgressManagerImpl$3.run(ProgressManagerImpl.java:194)
	at com.intellij.openapi.progress.impl.ProgressManagerImpl.registerIndicatorAndRun(ProgressManagerImpl.java:281)
	at com.intellij.openapi.progress.impl.ProgressManagerImpl.executeProcessUnderProgress(ProgressManagerImpl.java:233)
	at com.intellij.openapi.progress.impl.ProgressManagerImpl.runProcess(ProgressManagerImpl.java:181)
	at com.intellij.openapi.application.impl.ApplicationImpl$10$1.run(ApplicationImpl.java:641)
	at com.intellij.openapi.application.impl.ApplicationImpl$8.run(ApplicationImpl.java:406)
	at java.util.concurrent.Executors$RunnableAdapter.call(Executors.java:471)
	at java.util.concurrent.FutureTask.run(FutureTask.java:262)
	at java.util.concurrent.ThreadPoolExecutor.runWorker(ThreadPoolExecutor.java:1145)
	at java.util.concurrent.ThreadPoolExecutor$Worker.run(ThreadPoolExecutor.java:615)
	at java.lang.Thread.run(Thread.java:745)
	at org.jetbrains.ide.PooledThreadExecutor$1$1.run(PooledThreadExecutor.java:56)
java.lang.reflect.UndeclaredThrowableException
	at com.sun.proxy.$Proxy3.resolveProjectInfo(Unknown Source)
	at sun.reflect.NativeMethodAccessorImpl.invoke0(Native Method)
	at sun.reflect.NativeMethodAccessorImpl.invoke(NativeMethodAccessorImpl.java:57)
	at sun.reflect.DelegatingMethodAccessorImpl.invoke(DelegatingMethodAccessorImpl.java:43)
	at java.lang.reflect.Method.invoke(Method.java:606)
	at sun.rmi.server.UnicastServerRef.dispatch(UnicastServerRef.java:322)
	at sun.rmi.transport.Transport$2.run(Transport.java:202)
	at sun.rmi.transport.Transport$2.run(Transport.java:199)
	at java.security.AccessController.doPrivileged(Native Method)
	at sun.rmi.transport.Transport.serviceCall(Transport.java:198)
	at sun.rmi.transport.tcp.TCPTransport.handleMessages(TCPTransport.java:567)
	at sun.rmi.transport.tcp.TCPTransport$ConnectionHandler.run0(TCPTransport.java:828)
	at sun.rmi.transport.tcp.TCPTransport$ConnectionHandler.access$400(TCPTransport.java:619)
	at sun.rmi.transport.tcp.TCPTransport$ConnectionHandler$1.run(TCPTransport.java:684)
	at sun.rmi.transport.tcp.TCPTransport$ConnectionHandler$1.run(TCPTransport.java:681)
	at java.security.AccessController.doPrivileged(Native Method)
	at sun.rmi.transport.tcp.TCPTransport$ConnectionHandler.run(TCPTransport.java:681)
	at java.util.concurrent.ThreadPoolExecutor.runWorker(ThreadPoolExecutor.java:1145)
	at java.util.concurrent.ThreadPoolExecutor$Worker.run(ThreadPoolExecutor.java:615)
	at java.lang.Thread.run(Thread.java:745)
	at sun.rmi.transport.StreamRemoteCall.exceptionReceivedFromServer(StreamRemoteCall.java:275)
	at sun.rmi.transport.StreamRemoteCall.executeCall(StreamRemoteCall.java:252)
	at sun.rmi.server.UnicastRef.invoke(UnicastRef.java:161)
	at java.rmi.server.RemoteObjectInvocationHandler.invokeRemoteMethod(RemoteObjectInvocationHandler.java:194)
	at java.rmi.server.RemoteObjectInvocationHandler.invoke(RemoteObjectInvocationHandler.java:148)
	at com.sun.proxy.$Proxy97.resolveProjectInfo(Unknown Source)
	at sun.reflect.NativeMethodAccessorImpl.invoke0(Native Method)
	at sun.reflect.NativeMethodAccessorImpl.invoke(NativeMethodAccessorImpl.java:57)
	at sun.reflect.DelegatingMethodAccessorImpl.invoke(DelegatingMethodAccessorImpl.java:43)
	at java.lang.reflect.Method.invoke(Method.java:606)
	at com.intellij.execution.rmi.RemoteUtil.invokeRemote(RemoteUtil.java:124)
	at com.intellij.execution.rmi.RemoteUtil.access$100(RemoteUtil.java:36)
	at com.intellij.execution.rmi.RemoteUtil$2$1$1.compute(RemoteUtil.java:105)
	at com.intellij.execution.rmi.RemoteUtil.executeWithClassLoader(RemoteUtil.java:181)
	at com.intellij.execution.rmi.RemoteUtil$2$1.invoke(RemoteUtil.java:102)
	at com.sun.proxy.$Proxy97.resolveProjectInfo(Unknown Source)
	at com.intellij.openapi.externalSystem.service.remote.wrapper.ExternalSystemProjectResolverWrapper.resolveProjectInfo(ExternalSystemProjectResolverWrapper.java:49)
	at com.intellij.openapi.externalSystem.service.internal.ExternalSystemResolveProjectTask.doExecute(ExternalSystemResolveProjectTask.java:51)
	at com.intellij.openapi.externalSystem.service.internal.AbstractExternalSystemTask.execute(AbstractExternalSystemTask.java:137)
	at com.intellij.openapi.externalSystem.service.internal.AbstractExternalSystemTask.execute(AbstractExternalSystemTask.java:123)
	at com.intellij.openapi.externalSystem.util.ExternalSystemUtil$2.execute(ExternalSystemUtil.java:477)
	at com.intellij.openapi.externalSystem.util.ExternalSystemUtil$3$1.run(ExternalSystemUtil.java:545)
	at com.intellij.openapi.progress.impl.ProgressManagerImpl$TaskRunnable.run(ProgressManagerImpl.java:621)
	at com.intellij.openapi.progress.impl.ProgressManagerImpl$7.run(ProgressManagerImpl.java:422)
	at com.intellij.openapi.progress.impl.ProgressManagerImpl$3.run(ProgressManagerImpl.java:194)
	at com.intellij.openapi.progress.impl.ProgressManagerImpl.registerIndicatorAndRun(ProgressManagerImpl.java:281)
	at com.intellij.openapi.progress.impl.ProgressManagerImpl.executeProcessUnderProgress(ProgressManagerImpl.java:233)
	at com.intellij.openapi.progress.impl.ProgressManagerImpl.runProcess(ProgressManagerImpl.java:181)
	at com.intellij.openapi.application.impl.ApplicationImpl$10$1.run(ApplicationImpl.java:641)
	at com.intellij.openapi.application.impl.ApplicationImpl$8.run(ApplicationImpl.java:406)
	at java.util.concurrent.Executors$RunnableAdapter.call(Executors.java:471)
	at java.util.concurrent.FutureTask.run(FutureTask.java:262)
	at java.util.concurrent.ThreadPoolExecutor.runWorker(ThreadPoolExecutor.java:1145)
	at java.util.concurrent.ThreadPoolExecutor$Worker.run(ThreadPoolExecutor.java:615)
	at java.lang.Thread.run(Thread.java:745)
	at org.jetbrains.ide.PooledThreadExecutor$1$1.run(PooledThreadExecutor.java:56)
Caused by: java.lang.reflect.InvocationTargetException
	at sun.reflect.NativeMethodAccessorImpl.invoke0(Native Method)
	at sun.reflect.NativeMethodAccessorImpl.invoke(NativeMethodAccessorImpl.java:57)
	at sun.reflect.DelegatingMethodAccessorImpl.invoke(DelegatingMethodAccessorImpl.java:43)
	at java.lang.reflect.Method.invoke(Method.java:606)
	at com.intellij.openapi.externalSystem.service.RemoteExternalSystemFacadeImpl$1.invoke(RemoteExternalSystemFacadeImpl.java:113)
	at com.sun.proxy.$Proxy3.resolveProjectInfo(Unknown Source)
	at sun.reflect.NativeMethodAccessorImpl.invoke0(Native Method)
	at sun.reflect.NativeMethodAccessorImpl.invoke(NativeMethodAccessorImpl.java:57)
	at sun.reflect.DelegatingMethodAccessorImpl.invoke(DelegatingMethodAccessorImpl.java:43)
	at java.lang.reflect.Method.invoke(Method.java:606)
	at sun.rmi.server.UnicastServerRef.dispatch(UnicastServerRef.java:322)
	at sun.rmi.transport.Transport$2.run(Transport.java:202)
	at sun.rmi.transport.Transport$2.run(Transport.java:199)
	at java.security.AccessController.doPrivileged(Native Method)
	at sun.rmi.transport.Transport.serviceCall(Transport.java:198)
	at sun.rmi.transport.tcp.TCPTransport.handleMessages(TCPTransport.java:567)
	at sun.rmi.transport.tcp.TCPTransport$ConnectionHandler.run0(TCPTransport.java:828)
	at sun.rmi.transport.tcp.TCPTransport$ConnectionHandler.access$400(TCPTransport.java:619)
	at sun.rmi.transport.tcp.TCPTransport$ConnectionHandler$1.run(TCPTransport.java:684)
	at sun.rmi.transport.tcp.TCPTransport$ConnectionHandler$1.run(TCPTransport.java:681)
	at java.security.AccessController.doPrivileged(Native Method)
	at sun.rmi.transport.tcp.TCPTransport$ConnectionHandler.run(TCPTransport.java:681)
	at java.util.concurrent.ThreadPoolExecutor.runWorker(ThreadPoolExecutor.java:1145)
	at java.util.concurrent.ThreadPoolExecutor$Worker.run(ThreadPoolExecutor.java:615)
	at java.lang.Thread.run(Thread.java:745)
Caused by: com.intellij.openapi.externalSystem.model.ExternalSystemException: /home/rob/workspace/Luhn/build.sbt:8: error: eof expected but ';' found.
libraryDependencies += "org.scalacheck" %% "scalacheck" % "1.12.2" % "test"
[error] Error parsing expression.  Ensure that settings are separated by blank lines.
^

	at org.jetbrains.sbt.project.SbtProjectResolver.resolveProjectInfo(SbtProjectResolver.scala:47)
	at org.jetbrains.sbt.project.SbtProjectResolver.resolveProjectInfo(SbtProjectResolver.scala:23)
	at com.intellij.openapi.externalSystem.service.remote.RemoteExternalSystemProjectResolverImpl$1.produce(RemoteExternalSystemProjectResolverImpl.java:41)
	at com.intellij.openapi.externalSystem.service.remote.RemoteExternalSystemProjectResolverImpl$1.produce(RemoteExternalSystemProjectResolverImpl.java:37)
	at com.intellij.openapi.externalSystem.service.remote.AbstractRemoteExternalSystemService.execute(AbstractRemoteExternalSystemService.java:59)
	at com.intellij.openapi.externalSystem.service.remote.RemoteExternalSystemProjectResolverImpl.resolveProjectInfo(RemoteExternalSystemProjectResolverImpl.java:37)
	... 25 more

[ 174710]   WARN - ctExternalProjectImportBuilder - java.lang.reflect.UndeclaredThrowableException
	at com.sun.proxy.$Proxy3.resolveProjectInfo(Unknown Source)
	at sun.reflect.NativeMethodAccessorImpl.invoke0(Native Method)
	at sun.reflect.NativeMethodAccessorImpl.invoke(NativeMethodAccessorImpl.java:57)
	at sun.reflect.DelegatingMethodAccessorImpl.invoke(DelegatingMethodAccessorImpl.java:43)
	at java.lang.reflect.Method.invoke(Method.java:606)
	at sun.rmi.server.UnicastServerRef.dispatch(UnicastServerRef.java:322)
	at sun.rmi.transport.Transport$2.run(Transport.java:202)
	at sun.rmi.transport.Transport$2.run(Transport.java:199)
	at java.security.AccessController.doPrivileged(Native Method)
	at sun.rmi.transport.Transport.serviceCall(Transport.java:198)
	at sun.rmi.transport.tcp.TCPTransport.handleMessages(TCPTransport.java:567)
	at sun.rmi.transport.tcp.TCPTransport$ConnectionHandler.run0(TCPTransport.java:828)
	at sun.rmi.transport.tcp.TCPTransport$ConnectionHandler.access$400(TCPTransport.java:619)
	at sun.rmi.transport.tcp.TCPTransport$ConnectionHandler$1.run(TCPTransport.java:684)
	at sun.rmi.transport.tcp.TCPTransport$ConnectionHandler$1.run(TCPTransport.java:681)
	at java.security.AccessController.doPrivileged(Native Method)
	at sun.rmi.transport.tcp.TCPTransport$ConnectionHandler.run(TCPTransport.java:681)
	at java.util.concurrent.ThreadPoolExecutor.runWorker(ThreadPoolExecutor.java:1145)
	at java.util.concurrent.ThreadPoolExecutor$Worker.run(ThreadPoolExecutor.java:615)
	at java.lang.Thread.run(Thread.java:745)
	at sun.rmi.transport.StreamRemoteCall.exceptionReceivedFromServer(StreamRemoteCall.java:275)
	at sun.rmi.transport.StreamRemoteCall.executeCall(StreamRemoteCall.java:252)
	at sun.rmi.server.UnicastRef.invoke(UnicastRef.java:161)
	at java.rmi.server.RemoteObjectInvocationHandler.invokeRemoteMethod(RemoteObjectInvocationHandler.java:194)
	at java.rmi.server.RemoteObjectInvocationHandler.invoke(RemoteObjectInvocationHandler.java:148)
	at com.sun.proxy.$Proxy97.resolveProjectInfo(Unknown Source)
	at sun.reflect.NativeMethodAccessorImpl.invoke0(Native Method)
	at sun.reflect.NativeMethodAccessorImpl.invoke(NativeMethodAccessorImpl.java:57)
	at sun.reflect.DelegatingMethodAccessorImpl.invoke(DelegatingMethodAccessorImpl.java:43)
	at java.lang.reflect.Method.invoke(Method.java:606)
	at com.intellij.execution.rmi.RemoteUtil.invokeRemote(RemoteUtil.java:124)
	at com.intellij.execution.rmi.RemoteUtil.access$100(RemoteUtil.java:36)
	at com.intellij.execution.rmi.RemoteUtil$2$1$1.compute(RemoteUtil.java:105)
	at com.intellij.execution.rmi.RemoteUtil.executeWithClassLoader(RemoteUtil.java:181)
	at com.intellij.execution.rmi.RemoteUtil$2$1.invoke(RemoteUtil.java:102)
	at com.sun.proxy.$Proxy97.resolveProjectInfo(Unknown Source)
	at com.intellij.openapi.externalSystem.service.remote.wrapper.ExternalSystemProjectResolverWrapper.resolveProjectInfo(ExternalSystemProjectResolverWrapper.java:49)
	at com.intellij.openapi.externalSystem.service.internal.ExternalSystemResolveProjectTask.doExecute(ExternalSystemResolveProjectTask.java:51)
	at com.intellij.openapi.externalSystem.service.internal.AbstractExternalSystemTask.execute(AbstractExternalSystemTask.java:137)
	at com.intellij.openapi.externalSystem.service.internal.AbstractExternalSystemTask.execute(AbstractExternalSystemTask.java:123)
	at com.intellij.openapi.externalSystem.util.ExternalSystemUtil$2.execute(ExternalSystemUtil.java:477)
	at com.intellij.openapi.externalSystem.util.ExternalSystemUtil$3$1.run(ExternalSystemUtil.java:545)
	at com.intellij.openapi.progress.impl.ProgressManagerImpl$TaskRunnable.run(ProgressManagerImpl.java:621)
	at com.intellij.openapi.progress.impl.ProgressManagerImpl$7.run(ProgressManagerImpl.java:422)
	at com.intellij.openapi.progress.impl.ProgressManagerImpl$3.run(ProgressManagerImpl.java:194)
	at com.intellij.openapi.progress.impl.ProgressManagerImpl.registerIndicatorAndRun(ProgressManagerImpl.java:281)
	at com.intellij.openapi.progress.impl.ProgressManagerImpl.executeProcessUnderProgress(ProgressManagerImpl.java:233)
	at com.intellij.openapi.progress.impl.ProgressManagerImpl.runProcess(ProgressManagerImpl.java:181)
	at com.intellij.openapi.application.impl.ApplicationImpl$10$1.run(ApplicationImpl.java:641)
	at com.intellij.openapi.application.impl.ApplicationImpl$8.run(ApplicationImpl.java:406)
	at java.util.concurrent.Executors$RunnableAdapter.call(Executors.java:471)
	at java.util.concurrent.FutureTask.run(FutureTask.java:262)
	at java.util.concurrent.ThreadPoolExecutor.runWorker(ThreadPoolExecutor.java:1145)
	at java.util.concurrent.ThreadPoolExecutor$Worker.run(ThreadPoolExecutor.java:615)
	at java.lang.Thread.run(Thread.java:745)
	at org.jetbrains.ide.PooledThreadExecutor$1$1.run(PooledThreadExecutor.java:56)
Caused by: java.lang.reflect.InvocationTargetException
	at sun.reflect.NativeMethodAccessorImpl.invoke0(Native Method)
	at sun.reflect.NativeMethodAccessorImpl.invoke(NativeMethodAccessorImpl.java:57)
	at sun.reflect.DelegatingMethodAccessorImpl.invoke(DelegatingMethodAccessorImpl.java:43)
	at java.lang.reflect.Method.invoke(Method.java:606)
	at com.intellij.openapi.externalSystem.service.RemoteExternalSystemFacadeImpl$1.invoke(RemoteExternalSystemFacadeImpl.java:113)
	at com.sun.proxy.$Proxy3.resolveProjectInfo(Unknown Source)
	at sun.reflect.NativeMethodAccessorImpl.invoke0(Native Method)
	at sun.reflect.NativeMethodAccessorImpl.invoke(NativeMethodAccessorImpl.java:57)
	at sun.reflect.DelegatingMethodAccessorImpl.invoke(DelegatingMethodAccessorImpl.java:43)
	at java.lang.reflect.Method.invoke(Method.java:606)
	at sun.rmi.server.UnicastServerRef.dispatch(UnicastServerRef.java:322)
	at sun.rmi.transport.Transport$2.run(Transport.java:202)
	at sun.rmi.transport.Transport$2.run(Transport.java:199)
	at java.security.AccessController.doPrivileged(Native Method)
	at sun.rmi.transport.Transport.serviceCall(Transport.java:198)
	at sun.rmi.transport.tcp.TCPTransport.handleMessages(TCPTransport.java:567)
	at sun.rmi.transport.tcp.TCPTransport$ConnectionHandler.run0(TCPTransport.java:828)
	at sun.rmi.transport.tcp.TCPTransport$ConnectionHandler.access$400(TCPTransport.java:619)
	at sun.rmi.transport.tcp.TCPTransport$ConnectionHandler$1.run(TCPTransport.java:684)
	at sun.rmi.transport.tcp.TCPTransport$ConnectionHandler$1.run(TCPTransport.java:681)
	at java.security.AccessController.doPrivileged(Native Method)
	at sun.rmi.transport.tcp.TCPTransport$ConnectionHandler.run(TCPTransport.java:681)
	at java.util.concurrent.ThreadPoolExecutor.runWorker(ThreadPoolExecutor.java:1145)
	at java.util.concurrent.ThreadPoolExecutor$Worker.run(ThreadPoolExecutor.java:615)
	at java.lang.Thread.run(Thread.java:745)
Caused by: com.intellij.openapi.externalSystem.model.ExternalSystemException: /home/rob/workspace/Luhn/build.sbt:8: error: eof expected but ';' found.
libraryDependencies += "org.scalacheck" %% "scalacheck" % "1.12.2" % "test"
[error] Error parsing expression.  Ensure that settings are separated by blank lines.
^

	at org.jetbrains.sbt.project.SbtProjectResolver.resolveProjectInfo(SbtProjectResolver.scala:47)
	at org.jetbrains.sbt.project.SbtProjectResolver.resolveProjectInfo(SbtProjectResolver.scala:23)
	at com.intellij.openapi.externalSystem.service.remote.RemoteExternalSystemProjectResolverImpl$1.produce(RemoteExternalSystemProjectResolverImpl.java:41)
	at com.intellij.openapi.externalSystem.service.remote.RemoteExternalSystemProjectResolverImpl$1.produce(RemoteExternalSystemProjectResolverImpl.java:37)
	at com.intellij.openapi.externalSystem.service.remote.AbstractRemoteExternalSystemService.execute(AbstractRemoteExternalSystemService.java:59)
	at com.intellij.openapi.externalSystem.service.remote.RemoteExternalSystemProjectResolverImpl.resolveProjectInfo(RemoteExternalSystemProjectResolverImpl.java:37)
	... 25 more
 
[ 185788]   WARN - nal.AbstractExternalSystemTask - /home/rob/workspace/Luhn/build.sbt:8: error: eof expected but ';' found.
libraryDependencies += "org.scalacheck" %% "scalacheck" % "1.12.2" % "test"
^
[error] Error parsing expression.  Ensure that settings are separated by blank lines.
 
com.intellij.openapi.externalSystem.model.ExternalSystemException: /home/rob/workspace/Luhn/build.sbt:8: error: eof expected but ';' found.
libraryDependencies += "org.scalacheck" %% "scalacheck" % "1.12.2" % "test"
^
[error] Error parsing expression.  Ensure that settings are separated by blank lines.

	at com.intellij.openapi.externalSystem.service.remote.wrapper.ExternalSystemProjectResolverWrapper.resolveProjectInfo(ExternalSystemProjectResolverWrapper.java:59)
	at com.intellij.openapi.externalSystem.service.internal.ExternalSystemResolveProjectTask.doExecute(ExternalSystemResolveProjectTask.java:51)
	at com.intellij.openapi.externalSystem.service.internal.AbstractExternalSystemTask.execute(AbstractExternalSystemTask.java:137)
	at com.intellij.openapi.externalSystem.service.internal.AbstractExternalSystemTask.execute(AbstractExternalSystemTask.java:123)
	at com.intellij.openapi.externalSystem.util.ExternalSystemUtil$2.execute(ExternalSystemUtil.java:477)
	at com.intellij.openapi.externalSystem.util.ExternalSystemUtil$3$1.run(ExternalSystemUtil.java:545)
	at com.intellij.openapi.progress.impl.ProgressManagerImpl$TaskRunnable.run(ProgressManagerImpl.java:621)
	at com.intellij.openapi.progress.impl.ProgressManagerImpl$7.run(ProgressManagerImpl.java:422)
	at com.intellij.openapi.progress.impl.ProgressManagerImpl$3.run(ProgressManagerImpl.java:194)
	at com.intellij.openapi.progress.impl.ProgressManagerImpl.registerIndicatorAndRun(ProgressManagerImpl.java:281)
	at com.intellij.openapi.progress.impl.ProgressManagerImpl.executeProcessUnderProgress(ProgressManagerImpl.java:233)
	at com.intellij.openapi.progress.impl.ProgressManagerImpl.runProcess(ProgressManagerImpl.java:181)
	at com.intellij.openapi.application.impl.ApplicationImpl$10$1.run(ApplicationImpl.java:641)
	at com.intellij.openapi.application.impl.ApplicationImpl$8.run(ApplicationImpl.java:406)
	at java.util.concurrent.Executors$RunnableAdapter.call(Executors.java:471)
	at java.util.concurrent.FutureTask.run(FutureTask.java:262)
	at java.util.concurrent.ThreadPoolExecutor.runWorker(ThreadPoolExecutor.java:1145)
	at java.util.concurrent.ThreadPoolExecutor$Worker.run(ThreadPoolExecutor.java:615)
	at java.lang.Thread.run(Thread.java:745)
	at org.jetbrains.ide.PooledThreadExecutor$1$1.run(PooledThreadExecutor.java:56)
java.lang.reflect.UndeclaredThrowableException
	at com.sun.proxy.$Proxy3.resolveProjectInfo(Unknown Source)
	at sun.reflect.NativeMethodAccessorImpl.invoke0(Native Method)
	at sun.reflect.NativeMethodAccessorImpl.invoke(NativeMethodAccessorImpl.java:57)
	at sun.reflect.DelegatingMethodAccessorImpl.invoke(DelegatingMethodAccessorImpl.java:43)
	at java.lang.reflect.Method.invoke(Method.java:606)
	at sun.rmi.server.UnicastServerRef.dispatch(UnicastServerRef.java:322)
	at sun.rmi.transport.Transport$2.run(Transport.java:202)
	at sun.rmi.transport.Transport$2.run(Transport.java:199)
	at java.security.AccessController.doPrivileged(Native Method)
	at sun.rmi.transport.Transport.serviceCall(Transport.java:198)
	at sun.rmi.transport.tcp.TCPTransport.handleMessages(TCPTransport.java:567)
	at sun.rmi.transport.tcp.TCPTransport$ConnectionHandler.run0(TCPTransport.java:828)
	at sun.rmi.transport.tcp.TCPTransport$ConnectionHandler.access$400(TCPTransport.java:619)
	at sun.rmi.transport.tcp.TCPTransport$ConnectionHandler$1.run(TCPTransport.java:684)
	at sun.rmi.transport.tcp.TCPTransport$ConnectionHandler$1.run(TCPTransport.java:681)
	at java.security.AccessController.doPrivileged(Native Method)
	at sun.rmi.transport.tcp.TCPTransport$ConnectionHandler.run(TCPTransport.java:681)
	at java.util.concurrent.ThreadPoolExecutor.runWorker(ThreadPoolExecutor.java:1145)
	at java.util.concurrent.ThreadPoolExecutor$Worker.run(ThreadPoolExecutor.java:615)
	at java.lang.Thread.run(Thread.java:745)
	at sun.rmi.transport.StreamRemoteCall.exceptionReceivedFromServer(StreamRemoteCall.java:275)
	at sun.rmi.transport.StreamRemoteCall.executeCall(StreamRemoteCall.java:252)
	at sun.rmi.server.UnicastRef.invoke(UnicastRef.java:161)
	at java.rmi.server.RemoteObjectInvocationHandler.invokeRemoteMethod(RemoteObjectInvocationHandler.java:194)
	at java.rmi.server.RemoteObjectInvocationHandler.invoke(RemoteObjectInvocationHandler.java:148)
	at com.sun.proxy.$Proxy97.resolveProjectInfo(Unknown Source)
	at sun.reflect.NativeMethodAccessorImpl.invoke0(Native Method)
	at sun.reflect.NativeMethodAccessorImpl.invoke(NativeMethodAccessorImpl.java:57)
	at sun.reflect.DelegatingMethodAccessorImpl.invoke(DelegatingMethodAccessorImpl.java:43)
	at java.lang.reflect.Method.invoke(Method.java:606)
	at com.intellij.execution.rmi.RemoteUtil.invokeRemote(RemoteUtil.java:124)
	at com.intellij.execution.rmi.RemoteUtil.access$100(RemoteUtil.java:36)
	at com.intellij.execution.rmi.RemoteUtil$2$1$1.compute(RemoteUtil.java:105)
	at com.intellij.execution.rmi.RemoteUtil.executeWithClassLoader(RemoteUtil.java:181)
	at com.intellij.execution.rmi.RemoteUtil$2$1.invoke(RemoteUtil.java:102)
	at com.sun.proxy.$Proxy97.resolveProjectInfo(Unknown Source)
	at com.intellij.openapi.externalSystem.service.remote.wrapper.ExternalSystemProjectResolverWrapper.resolveProjectInfo(ExternalSystemProjectResolverWrapper.java:49)
	at com.intellij.openapi.externalSystem.service.internal.ExternalSystemResolveProjectTask.doExecute(ExternalSystemResolveProjectTask.java:51)
	at com.intellij.openapi.externalSystem.service.internal.AbstractExternalSystemTask.execute(AbstractExternalSystemTask.java:137)
	at com.intellij.openapi.externalSystem.service.internal.AbstractExternalSystemTask.execute(AbstractExternalSystemTask.java:123)
	at com.intellij.openapi.externalSystem.util.ExternalSystemUtil$2.execute(ExternalSystemUtil.java:477)
	at com.intellij.openapi.externalSystem.util.ExternalSystemUtil$3$1.run(ExternalSystemUtil.java:545)
	at com.intellij.openapi.progress.impl.ProgressManagerImpl$TaskRunnable.run(ProgressManagerImpl.java:621)
	at com.intellij.openapi.progress.impl.ProgressManagerImpl$7.run(ProgressManagerImpl.java:422)
	at com.intellij.openapi.progress.impl.ProgressManagerImpl$3.run(ProgressManagerImpl.java:194)
	at com.intellij.openapi.progress.impl.ProgressManagerImpl.registerIndicatorAndRun(ProgressManagerImpl.java:281)
	at com.intellij.openapi.progress.impl.ProgressManagerImpl.executeProcessUnderProgress(ProgressManagerImpl.java:233)
	at com.intellij.openapi.progress.impl.ProgressManagerImpl.runProcess(ProgressManagerImpl.java:181)
	at com.intellij.openapi.application.impl.ApplicationImpl$10$1.run(ApplicationImpl.java:641)
	at com.intellij.openapi.application.impl.ApplicationImpl$8.run(ApplicationImpl.java:406)
	at java.util.concurrent.Executors$RunnableAdapter.call(Executors.java:471)
	at java.util.concurrent.FutureTask.run(FutureTask.java:262)
	at java.util.concurrent.ThreadPoolExecutor.runWorker(ThreadPoolExecutor.java:1145)
	at java.util.concurrent.ThreadPoolExecutor$Worker.run(ThreadPoolExecutor.java:615)
	at java.lang.Thread.run(Thread.java:745)
	at org.jetbrains.ide.PooledThreadExecutor$1$1.run(PooledThreadExecutor.java:56)
Caused by: java.lang.reflect.InvocationTargetException
	at sun.reflect.NativeMethodAccessorImpl.invoke0(Native Method)
	at sun.reflect.NativeMethodAccessorImpl.invoke(NativeMethodAccessorImpl.java:57)
	at sun.reflect.DelegatingMethodAccessorImpl.invoke(DelegatingMethodAccessorImpl.java:43)
	at java.lang.reflect.Method.invoke(Method.java:606)
	at com.intellij.openapi.externalSystem.service.RemoteExternalSystemFacadeImpl$1.invoke(RemoteExternalSystemFacadeImpl.java:113)
	at com.sun.proxy.$Proxy3.resolveProjectInfo(Unknown Source)
	at sun.reflect.NativeMethodAccessorImpl.invoke0(Native Method)
	at sun.reflect.NativeMethodAccessorImpl.invoke(NativeMethodAccessorImpl.java:57)
	at sun.reflect.DelegatingMethodAccessorImpl.invoke(DelegatingMethodAccessorImpl.java:43)
	at java.lang.reflect.Method.invoke(Method.java:606)
	at sun.rmi.server.UnicastServerRef.dispatch(UnicastServerRef.java:322)
	at sun.rmi.transport.Transport$2.run(Transport.java:202)
	at sun.rmi.transport.Transport$2.run(Transport.java:199)
	at java.security.AccessController.doPrivileged(Native Method)
	at sun.rmi.transport.Transport.serviceCall(Transport.java:198)
	at sun.rmi.transport.tcp.TCPTransport.handleMessages(TCPTransport.java:567)
	at sun.rmi.transport.tcp.TCPTransport$ConnectionHandler.run0(TCPTransport.java:828)
	at sun.rmi.transport.tcp.TCPTransport$ConnectionHandler.access$400(TCPTransport.java:619)
	at sun.rmi.transport.tcp.TCPTransport$ConnectionHandler$1.run(TCPTransport.java:684)
	at sun.rmi.transport.tcp.TCPTransport$ConnectionHandler$1.run(TCPTransport.java:681)
	at java.security.AccessController.doPrivileged(Native Method)
	at sun.rmi.transport.tcp.TCPTransport$ConnectionHandler.run(TCPTransport.java:681)
	at java.util.concurrent.ThreadPoolExecutor.runWorker(ThreadPoolExecutor.java:1145)
	at java.util.concurrent.ThreadPoolExecutor$Worker.run(ThreadPoolExecutor.java:615)
	at java.lang.Thread.run(Thread.java:745)
Caused by: com.intellij.openapi.externalSystem.model.ExternalSystemException: /home/rob/workspace/Luhn/build.sbt:8: error: eof expected but ';' found.
libraryDependencies += "org.scalacheck" %% "scalacheck" % "1.12.2" % "test"
^
[error] Error parsing expression.  Ensure that settings are separated by blank lines.

	at org.jetbrains.sbt.project.SbtProjectResolver.resolveProjectInfo(SbtProjectResolver.scala:47)
	at org.jetbrains.sbt.project.SbtProjectResolver.resolveProjectInfo(SbtProjectResolver.scala:23)
	at com.intellij.openapi.externalSystem.service.remote.RemoteExternalSystemProjectResolverImpl$1.produce(RemoteExternalSystemProjectResolverImpl.java:41)
	at com.intellij.openapi.externalSystem.service.remote.RemoteExternalSystemProjectResolverImpl$1.produce(RemoteExternalSystemProjectResolverImpl.java:37)
	at com.intellij.openapi.externalSystem.service.remote.AbstractRemoteExternalSystemService.execute(AbstractRemoteExternalSystemService.java:59)
	at com.intellij.openapi.externalSystem.service.remote.RemoteExternalSystemProjectResolverImpl.resolveProjectInfo(RemoteExternalSystemProjectResolverImpl.java:37)
	... 25 more

[ 185812]   WARN - ctExternalProjectImportBuilder - java.lang.reflect.UndeclaredThrowableException
	at com.sun.proxy.$Proxy3.resolveProjectInfo(Unknown Source)
	at sun.reflect.NativeMethodAccessorImpl.invoke0(Native Method)
	at sun.reflect.NativeMethodAccessorImpl.invoke(NativeMethodAccessorImpl.java:57)
	at sun.reflect.DelegatingMethodAccessorImpl.invoke(DelegatingMethodAccessorImpl.java:43)
	at java.lang.reflect.Method.invoke(Method.java:606)
	at sun.rmi.server.UnicastServerRef.dispatch(UnicastServerRef.java:322)
	at sun.rmi.transport.Transport$2.run(Transport.java:202)
	at sun.rmi.transport.Transport$2.run(Transport.java:199)
	at java.security.AccessController.doPrivileged(Native Method)
	at sun.rmi.transport.Transport.serviceCall(Transport.java:198)
	at sun.rmi.transport.tcp.TCPTransport.handleMessages(TCPTransport.java:567)
	at sun.rmi.transport.tcp.TCPTransport$ConnectionHandler.run0(TCPTransport.java:828)
	at sun.rmi.transport.tcp.TCPTransport$ConnectionHandler.access$400(TCPTransport.java:619)
	at sun.rmi.transport.tcp.TCPTransport$ConnectionHandler$1.run(TCPTransport.java:684)
	at sun.rmi.transport.tcp.TCPTransport$ConnectionHandler$1.run(TCPTransport.java:681)
	at java.security.AccessController.doPrivileged(Native Method)
	at sun.rmi.transport.tcp.TCPTransport$ConnectionHandler.run(TCPTransport.java:681)
	at java.util.concurrent.ThreadPoolExecutor.runWorker(ThreadPoolExecutor.java:1145)
	at java.util.concurrent.ThreadPoolExecutor$Worker.run(ThreadPoolExecutor.java:615)
	at java.lang.Thread.run(Thread.java:745)
	at sun.rmi.transport.StreamRemoteCall.exceptionReceivedFromServer(StreamRemoteCall.java:275)
	at sun.rmi.transport.StreamRemoteCall.executeCall(StreamRemoteCall.java:252)
	at sun.rmi.server.UnicastRef.invoke(UnicastRef.java:161)
	at java.rmi.server.RemoteObjectInvocationHandler.invokeRemoteMethod(RemoteObjectInvocationHandler.java:194)
	at java.rmi.server.RemoteObjectInvocationHandler.invoke(RemoteObjectInvocationHandler.java:148)
	at com.sun.proxy.$Proxy97.resolveProjectInfo(Unknown Source)
	at sun.reflect.NativeMethodAccessorImpl.invoke0(Native Method)
	at sun.reflect.NativeMethodAccessorImpl.invoke(NativeMethodAccessorImpl.java:57)
	at sun.reflect.DelegatingMethodAccessorImpl.invoke(DelegatingMethodAccessorImpl.java:43)
	at java.lang.reflect.Method.invoke(Method.java:606)
	at com.intellij.execution.rmi.RemoteUtil.invokeRemote(RemoteUtil.java:124)
	at com.intellij.execution.rmi.RemoteUtil.access$100(RemoteUtil.java:36)
	at com.intellij.execution.rmi.RemoteUtil$2$1$1.compute(RemoteUtil.java:105)
	at com.intellij.execution.rmi.RemoteUtil.executeWithClassLoader(RemoteUtil.java:181)
	at com.intellij.execution.rmi.RemoteUtil$2$1.invoke(RemoteUtil.java:102)
	at com.sun.proxy.$Proxy97.resolveProjectInfo(Unknown Source)
	at com.intellij.openapi.externalSystem.service.remote.wrapper.ExternalSystemProjectResolverWrapper.resolveProjectInfo(ExternalSystemProjectResolverWrapper.java:49)
	at com.intellij.openapi.externalSystem.service.internal.ExternalSystemResolveProjectTask.doExecute(ExternalSystemResolveProjectTask.java:51)
	at com.intellij.openapi.externalSystem.service.internal.AbstractExternalSystemTask.execute(AbstractExternalSystemTask.java:137)
	at com.intellij.openapi.externalSystem.service.internal.AbstractExternalSystemTask.execute(AbstractExternalSystemTask.java:123)
	at com.intellij.openapi.externalSystem.util.ExternalSystemUtil$2.execute(ExternalSystemUtil.java:477)
	at com.intellij.openapi.externalSystem.util.ExternalSystemUtil$3$1.run(ExternalSystemUtil.java:545)
	at com.intellij.openapi.progress.impl.ProgressManagerImpl$TaskRunnable.run(ProgressManagerImpl.java:621)
	at com.intellij.openapi.progress.impl.ProgressManagerImpl$7.run(ProgressManagerImpl.java:422)
	at com.intellij.openapi.progress.impl.ProgressManagerImpl$3.run(ProgressManagerImpl.java:194)
	at com.intellij.openapi.progress.impl.ProgressManagerImpl.registerIndicatorAndRun(ProgressManagerImpl.java:281)
	at com.intellij.openapi.progress.impl.ProgressManagerImpl.executeProcessUnderProgress(ProgressManagerImpl.java:233)
	at com.intellij.openapi.progress.impl.ProgressManagerImpl.runProcess(ProgressManagerImpl.java:181)
	at com.intellij.openapi.application.impl.ApplicationImpl$10$1.run(ApplicationImpl.java:641)
	at com.intellij.openapi.application.impl.ApplicationImpl$8.run(ApplicationImpl.java:406)
	at java.util.concurrent.Executors$RunnableAdapter.call(Executors.java:471)
	at java.util.concurrent.FutureTask.run(FutureTask.java:262)
	at java.util.concurrent.ThreadPoolExecutor.runWorker(ThreadPoolExecutor.java:1145)
	at java.util.concurrent.ThreadPoolExecutor$Worker.run(ThreadPoolExecutor.java:615)
	at java.lang.Thread.run(Thread.java:745)
	at org.jetbrains.ide.PooledThreadExecutor$1$1.run(PooledThreadExecutor.java:56)
Caused by: java.lang.reflect.InvocationTargetException
	at sun.reflect.NativeMethodAccessorImpl.invoke0(Native Method)
	at sun.reflect.NativeMethodAccessorImpl.invoke(NativeMethodAccessorImpl.java:57)
	at sun.reflect.DelegatingMethodAccessorImpl.invoke(DelegatingMethodAccessorImpl.java:43)
	at java.lang.reflect.Method.invoke(Method.java:606)
	at com.intellij.openapi.externalSystem.service.RemoteExternalSystemFacadeImpl$1.invoke(RemoteExternalSystemFacadeImpl.java:113)
	at com.sun.proxy.$Proxy3.resolveProjectInfo(Unknown Source)
	at sun.reflect.NativeMethodAccessorImpl.invoke0(Native Method)
	at sun.reflect.NativeMethodAccessorImpl.invoke(NativeMethodAccessorImpl.java:57)
	at sun.reflect.DelegatingMethodAccessorImpl.invoke(DelegatingMethodAccessorImpl.java:43)
	at java.lang.reflect.Method.invoke(Method.java:606)
	at sun.rmi.server.UnicastServerRef.dispatch(UnicastServerRef.java:322)
	at sun.rmi.transport.Transport$2.run(Transport.java:202)
	at sun.rmi.transport.Transport$2.run(Transport.java:199)
	at java.security.AccessController.doPrivileged(Native Method)
	at sun.rmi.transport.Transport.serviceCall(Transport.java:198)
	at sun.rmi.transport.tcp.TCPTransport.handleMessages(TCPTransport.java:567)
	at sun.rmi.transport.tcp.TCPTransport$ConnectionHandler.run0(TCPTransport.java:828)
	at sun.rmi.transport.tcp.TCPTransport$ConnectionHandler.access$400(TCPTransport.java:619)
	at sun.rmi.transport.tcp.TCPTransport$ConnectionHandler$1.run(TCPTransport.java:684)
	at sun.rmi.transport.tcp.TCPTransport$ConnectionHandler$1.run(TCPTransport.java:681)
	at java.security.AccessController.doPrivileged(Native Method)
	at sun.rmi.transport.tcp.TCPTransport$ConnectionHandler.run(TCPTransport.java:681)
	at java.util.concurrent.ThreadPoolExecutor.runWorker(ThreadPoolExecutor.java:1145)
	at java.util.concurrent.ThreadPoolExecutor$Worker.run(ThreadPoolExecutor.java:615)
	at java.lang.Thread.run(Thread.java:745)
Caused by: com.intellij.openapi.externalSystem.model.ExternalSystemException: /home/rob/workspace/Luhn/build.sbt:8: error: eof expected but ';' found.
libraryDependencies += "org.scalacheck" %% "scalacheck" % "1.12.2" % "test"
^
[error] Error parsing expression.  Ensure that settings are separated by blank lines.

	at org.jetbrains.sbt.project.SbtProjectResolver.resolveProjectInfo(SbtProjectResolver.scala:47)
	at org.jetbrains.sbt.project.SbtProjectResolver.resolveProjectInfo(SbtProjectResolver.scala:23)
	at com.intellij.openapi.externalSystem.service.remote.RemoteExternalSystemProjectResolverImpl$1.produce(RemoteExternalSystemProjectResolverImpl.java:41)
	at com.intellij.openapi.externalSystem.service.remote.RemoteExternalSystemProjectResolverImpl$1.produce(RemoteExternalSystemProjectResolverImpl.java:37)
	at com.intellij.openapi.externalSystem.service.remote.AbstractRemoteExternalSystemService.execute(AbstractRemoteExternalSystemService.java:59)
	at com.intellij.openapi.externalSystem.service.remote.RemoteExternalSystemProjectResolverImpl.resolveProjectInfo(RemoteExternalSystemProjectResolverImpl.java:37)
	... 25 more
 
[ 209381]   WARN - nal.AbstractExternalSystemTask - /home/rob/workspace/Luhn/build.sbt:8: error: eof expected but ';' found.
libraryDependencies += "org.scalacheck" %% "scalacheck" % "1.12.2" % "test"
[error] Error parsing expression.  Ensure that settings are separated by blank lines.
^
 
com.intellij.openapi.externalSystem.model.ExternalSystemException: /home/rob/workspace/Luhn/build.sbt:8: error: eof expected but ';' found.
libraryDependencies += "org.scalacheck" %% "scalacheck" % "1.12.2" % "test"
[error] Error parsing expression.  Ensure that settings are separated by blank lines.
^

	at com.intellij.openapi.externalSystem.service.remote.wrapper.ExternalSystemProjectResolverWrapper.resolveProjectInfo(ExternalSystemProjectResolverWrapper.java:59)
	at com.intellij.openapi.externalSystem.service.internal.ExternalSystemResolveProjectTask.doExecute(ExternalSystemResolveProjectTask.java:51)
	at com.intellij.openapi.externalSystem.service.internal.AbstractExternalSystemTask.execute(AbstractExternalSystemTask.java:137)
	at com.intellij.openapi.externalSystem.service.internal.AbstractExternalSystemTask.execute(AbstractExternalSystemTask.java:123)
	at com.intellij.openapi.externalSystem.util.ExternalSystemUtil$2.execute(ExternalSystemUtil.java:477)
	at com.intellij.openapi.externalSystem.util.ExternalSystemUtil$3$1.run(ExternalSystemUtil.java:545)
	at com.intellij.openapi.progress.impl.ProgressManagerImpl$TaskRunnable.run(ProgressManagerImpl.java:621)
	at com.intellij.openapi.progress.impl.ProgressManagerImpl$7.run(ProgressManagerImpl.java:422)
	at com.intellij.openapi.progress.impl.ProgressManagerImpl$3.run(ProgressManagerImpl.java:194)
	at com.intellij.openapi.progress.impl.ProgressManagerImpl.registerIndicatorAndRun(ProgressManagerImpl.java:281)
	at com.intellij.openapi.progress.impl.ProgressManagerImpl.executeProcessUnderProgress(ProgressManagerImpl.java:233)
	at com.intellij.openapi.progress.impl.ProgressManagerImpl.runProcess(ProgressManagerImpl.java:181)
	at com.intellij.openapi.application.impl.ApplicationImpl$10$1.run(ApplicationImpl.java:641)
	at com.intellij.openapi.application.impl.ApplicationImpl$8.run(ApplicationImpl.java:406)
	at java.util.concurrent.Executors$RunnableAdapter.call(Executors.java:471)
	at java.util.concurrent.FutureTask.run(FutureTask.java:262)
	at java.util.concurrent.ThreadPoolExecutor.runWorker(ThreadPoolExecutor.java:1145)
	at java.util.concurrent.ThreadPoolExecutor$Worker.run(ThreadPoolExecutor.java:615)
	at java.lang.Thread.run(Thread.java:745)
	at org.jetbrains.ide.PooledThreadExecutor$1$1.run(PooledThreadExecutor.java:56)
java.lang.reflect.UndeclaredThrowableException
	at com.sun.proxy.$Proxy3.resolveProjectInfo(Unknown Source)
	at sun.reflect.NativeMethodAccessorImpl.invoke0(Native Method)
	at sun.reflect.NativeMethodAccessorImpl.invoke(NativeMethodAccessorImpl.java:57)
	at sun.reflect.DelegatingMethodAccessorImpl.invoke(DelegatingMethodAccessorImpl.java:43)
	at java.lang.reflect.Method.invoke(Method.java:606)
	at sun.rmi.server.UnicastServerRef.dispatch(UnicastServerRef.java:322)
	at sun.rmi.transport.Transport$2.run(Transport.java:202)
	at sun.rmi.transport.Transport$2.run(Transport.java:199)
	at java.security.AccessController.doPrivileged(Native Method)
	at sun.rmi.transport.Transport.serviceCall(Transport.java:198)
	at sun.rmi.transport.tcp.TCPTransport.handleMessages(TCPTransport.java:567)
	at sun.rmi.transport.tcp.TCPTransport$ConnectionHandler.run0(TCPTransport.java:828)
	at sun.rmi.transport.tcp.TCPTransport$ConnectionHandler.access$400(TCPTransport.java:619)
	at sun.rmi.transport.tcp.TCPTransport$ConnectionHandler$1.run(TCPTransport.java:684)
	at sun.rmi.transport.tcp.TCPTransport$ConnectionHandler$1.run(TCPTransport.java:681)
	at java.security.AccessController.doPrivileged(Native Method)
	at sun.rmi.transport.tcp.TCPTransport$ConnectionHandler.run(TCPTransport.java:681)
	at java.util.concurrent.ThreadPoolExecutor.runWorker(ThreadPoolExecutor.java:1145)
	at java.util.concurrent.ThreadPoolExecutor$Worker.run(ThreadPoolExecutor.java:615)
	at java.lang.Thread.run(Thread.java:745)
	at sun.rmi.transport.StreamRemoteCall.exceptionReceivedFromServer(StreamRemoteCall.java:275)
	at sun.rmi.transport.StreamRemoteCall.executeCall(StreamRemoteCall.java:252)
	at sun.rmi.server.UnicastRef.invoke(UnicastRef.java:161)
	at java.rmi.server.RemoteObjectInvocationHandler.invokeRemoteMethod(RemoteObjectInvocationHandler.java:194)
	at java.rmi.server.RemoteObjectInvocationHandler.invoke(RemoteObjectInvocationHandler.java:148)
	at com.sun.proxy.$Proxy97.resolveProjectInfo(Unknown Source)
	at sun.reflect.NativeMethodAccessorImpl.invoke0(Native Method)
	at sun.reflect.NativeMethodAccessorImpl.invoke(NativeMethodAccessorImpl.java:57)
	at sun.reflect.DelegatingMethodAccessorImpl.invoke(DelegatingMethodAccessorImpl.java:43)
	at java.lang.reflect.Method.invoke(Method.java:606)
	at com.intellij.execution.rmi.RemoteUtil.invokeRemote(RemoteUtil.java:124)
	at com.intellij.execution.rmi.RemoteUtil.access$100(RemoteUtil.java:36)
	at com.intellij.execution.rmi.RemoteUtil$2$1$1.compute(RemoteUtil.java:105)
	at com.intellij.execution.rmi.RemoteUtil.executeWithClassLoader(RemoteUtil.java:181)
	at com.intellij.execution.rmi.RemoteUtil$2$1.invoke(RemoteUtil.java:102)
	at com.sun.proxy.$Proxy97.resolveProjectInfo(Unknown Source)
	at com.intellij.openapi.externalSystem.service.remote.wrapper.ExternalSystemProjectResolverWrapper.resolveProjectInfo(ExternalSystemProjectResolverWrapper.java:49)
	at com.intellij.openapi.externalSystem.service.internal.ExternalSystemResolveProjectTask.doExecute(ExternalSystemResolveProjectTask.java:51)
	at com.intellij.openapi.externalSystem.service.internal.AbstractExternalSystemTask.execute(AbstractExternalSystemTask.java:137)
	at com.intellij.openapi.externalSystem.service.internal.AbstractExternalSystemTask.execute(AbstractExternalSystemTask.java:123)
	at com.intellij.openapi.externalSystem.util.ExternalSystemUtil$2.execute(ExternalSystemUtil.java:477)
	at com.intellij.openapi.externalSystem.util.ExternalSystemUtil$3$1.run(ExternalSystemUtil.java:545)
	at com.intellij.openapi.progress.impl.ProgressManagerImpl$TaskRunnable.run(ProgressManagerImpl.java:621)
	at com.intellij.openapi.progress.impl.ProgressManagerImpl$7.run(ProgressManagerImpl.java:422)
	at com.intellij.openapi.progress.impl.ProgressManagerImpl$3.run(ProgressManagerImpl.java:194)
	at com.intellij.openapi.progress.impl.ProgressManagerImpl.registerIndicatorAndRun(ProgressManagerImpl.java:281)
	at com.intellij.openapi.progress.impl.ProgressManagerImpl.executeProcessUnderProgress(ProgressManagerImpl.java:233)
	at com.intellij.openapi.progress.impl.ProgressManagerImpl.runProcess(ProgressManagerImpl.java:181)
	at com.intellij.openapi.application.impl.ApplicationImpl$10$1.run(ApplicationImpl.java:641)
	at com.intellij.openapi.application.impl.ApplicationImpl$8.run(ApplicationImpl.java:406)
	at java.util.concurrent.Executors$RunnableAdapter.call(Executors.java:471)
	at java.util.concurrent.FutureTask.run(FutureTask.java:262)
	at java.util.concurrent.ThreadPoolExecutor.runWorker(ThreadPoolExecutor.java:1145)
	at java.util.concurrent.ThreadPoolExecutor$Worker.run(ThreadPoolExecutor.java:615)
	at java.lang.Thread.run(Thread.java:745)
	at org.jetbrains.ide.PooledThreadExecutor$1$1.run(PooledThreadExecutor.java:56)
Caused by: java.lang.reflect.InvocationTargetException
	at sun.reflect.NativeMethodAccessorImpl.invoke0(Native Method)
	at sun.reflect.NativeMethodAccessorImpl.invoke(NativeMethodAccessorImpl.java:57)
	at sun.reflect.DelegatingMethodAccessorImpl.invoke(DelegatingMethodAccessorImpl.java:43)
	at java.lang.reflect.Method.invoke(Method.java:606)
	at com.intellij.openapi.externalSystem.service.RemoteExternalSystemFacadeImpl$1.invoke(RemoteExternalSystemFacadeImpl.java:113)
	at com.sun.proxy.$Proxy3.resolveProjectInfo(Unknown Source)
	at sun.reflect.NativeMethodAccessorImpl.invoke0(Native Method)
	at sun.reflect.NativeMethodAccessorImpl.invoke(NativeMethodAccessorImpl.java:57)
	at sun.reflect.DelegatingMethodAccessorImpl.invoke(DelegatingMethodAccessorImpl.java:43)
	at java.lang.reflect.Method.invoke(Method.java:606)
	at sun.rmi.server.UnicastServerRef.dispatch(UnicastServerRef.java:322)
	at sun.rmi.transport.Transport$2.run(Transport.java:202)
	at sun.rmi.transport.Transport$2.run(Transport.java:199)
	at java.security.AccessController.doPrivileged(Native Method)
	at sun.rmi.transport.Transport.serviceCall(Transport.java:198)
	at sun.rmi.transport.tcp.TCPTransport.handleMessages(TCPTransport.java:567)
	at sun.rmi.transport.tcp.TCPTransport$ConnectionHandler.run0(TCPTransport.java:828)
	at sun.rmi.transport.tcp.TCPTransport$ConnectionHandler.access$400(TCPTransport.java:619)
	at sun.rmi.transport.tcp.TCPTransport$ConnectionHandler$1.run(TCPTransport.java:684)
	at sun.rmi.transport.tcp.TCPTransport$ConnectionHandler$1.run(TCPTransport.java:681)
	at java.security.AccessController.doPrivileged(Native Method)
	at sun.rmi.transport.tcp.TCPTransport$ConnectionHandler.run(TCPTransport.java:681)
	at java.util.concurrent.ThreadPoolExecutor.runWorker(ThreadPoolExecutor.java:1145)
	at java.util.concurrent.ThreadPoolExecutor$Worker.run(ThreadPoolExecutor.java:615)
	at java.lang.Thread.run(Thread.java:745)
Caused by: com.intellij.openapi.externalSystem.model.ExternalSystemException: /home/rob/workspace/Luhn/build.sbt:8: error: eof expected but ';' found.
libraryDependencies += "org.scalacheck" %% "scalacheck" % "1.12.2" % "test"
[error] Error parsing expression.  Ensure that settings are separated by blank lines.
^

	at org.jetbrains.sbt.project.SbtProjectResolver.resolveProjectInfo(SbtProjectResolver.scala:47)
	at org.jetbrains.sbt.project.SbtProjectResolver.resolveProjectInfo(SbtProjectResolver.scala:23)
	at com.intellij.openapi.externalSystem.service.remote.RemoteExternalSystemProjectResolverImpl$1.produce(RemoteExternalSystemProjectResolverImpl.java:41)
	at com.intellij.openapi.externalSystem.service.remote.RemoteExternalSystemProjectResolverImpl$1.produce(RemoteExternalSystemProjectResolverImpl.java:37)
	at com.intellij.openapi.externalSystem.service.remote.AbstractRemoteExternalSystemService.execute(AbstractRemoteExternalSystemService.java:59)
	at com.intellij.openapi.externalSystem.service.remote.RemoteExternalSystemProjectResolverImpl.resolveProjectInfo(RemoteExternalSystemProjectResolverImpl.java:37)
	... 25 more

[ 209382]   WARN - ctExternalProjectImportBuilder - java.lang.reflect.UndeclaredThrowableException
	at com.sun.proxy.$Proxy3.resolveProjectInfo(Unknown Source)
	at sun.reflect.NativeMethodAccessorImpl.invoke0(Native Method)
	at sun.reflect.NativeMethodAccessorImpl.invoke(NativeMethodAccessorImpl.java:57)
	at sun.reflect.DelegatingMethodAccessorImpl.invoke(DelegatingMethodAccessorImpl.java:43)
	at java.lang.reflect.Method.invoke(Method.java:606)
	at sun.rmi.server.UnicastServerRef.dispatch(UnicastServerRef.java:322)
	at sun.rmi.transport.Transport$2.run(Transport.java:202)
	at sun.rmi.transport.Transport$2.run(Transport.java:199)
	at java.security.AccessController.doPrivileged(Native Method)
	at sun.rmi.transport.Transport.serviceCall(Transport.java:198)
	at sun.rmi.transport.tcp.TCPTransport.handleMessages(TCPTransport.java:567)
	at sun.rmi.transport.tcp.TCPTransport$ConnectionHandler.run0(TCPTransport.java:828)
	at sun.rmi.transport.tcp.TCPTransport$ConnectionHandler.access$400(TCPTransport.java:619)
	at sun.rmi.transport.tcp.TCPTransport$ConnectionHandler$1.run(TCPTransport.java:684)
	at sun.rmi.transport.tcp.TCPTransport$ConnectionHandler$1.run(TCPTransport.java:681)
	at java.security.AccessController.doPrivileged(Native Method)
	at sun.rmi.transport.tcp.TCPTransport$ConnectionHandler.run(TCPTransport.java:681)
	at java.util.concurrent.ThreadPoolExecutor.runWorker(ThreadPoolExecutor.java:1145)
	at java.util.concurrent.ThreadPoolExecutor$Worker.run(ThreadPoolExecutor.java:615)
	at java.lang.Thread.run(Thread.java:745)
	at sun.rmi.transport.StreamRemoteCall.exceptionReceivedFromServer(StreamRemoteCall.java:275)
	at sun.rmi.transport.StreamRemoteCall.executeCall(StreamRemoteCall.java:252)
	at sun.rmi.server.UnicastRef.invoke(UnicastRef.java:161)
	at java.rmi.server.RemoteObjectInvocationHandler.invokeRemoteMethod(RemoteObjectInvocationHandler.java:194)
	at java.rmi.server.RemoteObjectInvocationHandler.invoke(RemoteObjectInvocationHandler.java:148)
	at com.sun.proxy.$Proxy97.resolveProjectInfo(Unknown Source)
	at sun.reflect.NativeMethodAccessorImpl.invoke0(Native Method)
	at sun.reflect.NativeMethodAccessorImpl.invoke(NativeMethodAccessorImpl.java:57)
	at sun.reflect.DelegatingMethodAccessorImpl.invoke(DelegatingMethodAccessorImpl.java:43)
	at java.lang.reflect.Method.invoke(Method.java:606)
	at com.intellij.execution.rmi.RemoteUtil.invokeRemote(RemoteUtil.java:124)
	at com.intellij.execution.rmi.RemoteUtil.access$100(RemoteUtil.java:36)
	at com.intellij.execution.rmi.RemoteUtil$2$1$1.compute(RemoteUtil.java:105)
	at com.intellij.execution.rmi.RemoteUtil.executeWithClassLoader(RemoteUtil.java:181)
	at com.intellij.execution.rmi.RemoteUtil$2$1.invoke(RemoteUtil.java:102)
	at com.sun.proxy.$Proxy97.resolveProjectInfo(Unknown Source)
	at com.intellij.openapi.externalSystem.service.remote.wrapper.ExternalSystemProjectResolverWrapper.resolveProjectInfo(ExternalSystemProjectResolverWrapper.java:49)
	at com.intellij.openapi.externalSystem.service.internal.ExternalSystemResolveProjectTask.doExecute(ExternalSystemResolveProjectTask.java:51)
	at com.intellij.openapi.externalSystem.service.internal.AbstractExternalSystemTask.execute(AbstractExternalSystemTask.java:137)
	at com.intellij.openapi.externalSystem.service.internal.AbstractExternalSystemTask.execute(AbstractExternalSystemTask.java:123)
	at com.intellij.openapi.externalSystem.util.ExternalSystemUtil$2.execute(ExternalSystemUtil.java:477)
	at com.intellij.openapi.externalSystem.util.ExternalSystemUtil$3$1.run(ExternalSystemUtil.java:545)
	at com.intellij.openapi.progress.impl.ProgressManagerImpl$TaskRunnable.run(ProgressManagerImpl.java:621)
	at com.intellij.openapi.progress.impl.ProgressManagerImpl$7.run(ProgressManagerImpl.java:422)
	at com.intellij.openapi.progress.impl.ProgressManagerImpl$3.run(ProgressManagerImpl.java:194)
	at com.intellij.openapi.progress.impl.ProgressManagerImpl.registerIndicatorAndRun(ProgressManagerImpl.java:281)
	at com.intellij.openapi.progress.impl.ProgressManagerImpl.executeProcessUnderProgress(ProgressManagerImpl.java:233)
	at com.intellij.openapi.progress.impl.ProgressManagerImpl.runProcess(ProgressManagerImpl.java:181)
	at com.intellij.openapi.application.impl.ApplicationImpl$10$1.run(ApplicationImpl.java:641)
	at com.intellij.openapi.application.impl.ApplicationImpl$8.run(ApplicationImpl.java:406)
	at java.util.concurrent.Executors$RunnableAdapter.call(Executors.java:471)
	at java.util.concurrent.FutureTask.run(FutureTask.java:262)
	at java.util.concurrent.ThreadPoolExecutor.runWorker(ThreadPoolExecutor.java:1145)
	at java.util.concurrent.ThreadPoolExecutor$Worker.run(ThreadPoolExecutor.java:615)
	at java.lang.Thread.run(Thread.java:745)
	at org.jetbrains.ide.PooledThreadExecutor$1$1.run(PooledThreadExecutor.java:56)
Caused by: java.lang.reflect.InvocationTargetException
	at sun.reflect.NativeMethodAccessorImpl.invoke0(Native Method)
	at sun.reflect.NativeMethodAccessorImpl.invoke(NativeMethodAccessorImpl.java:57)
	at sun.reflect.DelegatingMethodAccessorImpl.invoke(DelegatingMethodAccessorImpl.java:43)
	at java.lang.reflect.Method.invoke(Method.java:606)
	at com.intellij.openapi.externalSystem.service.RemoteExternalSystemFacadeImpl$1.invoke(RemoteExternalSystemFacadeImpl.java:113)
	at com.sun.proxy.$Proxy3.resolveProjectInfo(Unknown Source)
	at sun.reflect.NativeMethodAccessorImpl.invoke0(Native Method)
	at sun.reflect.NativeMethodAccessorImpl.invoke(NativeMethodAccessorImpl.java:57)
	at sun.reflect.DelegatingMethodAccessorImpl.invoke(DelegatingMethodAccessorImpl.java:43)
	at java.lang.reflect.Method.invoke(Method.java:606)
	at sun.rmi.server.UnicastServerRef.dispatch(UnicastServerRef.java:322)
	at sun.rmi.transport.Transport$2.run(Transport.java:202)
	at sun.rmi.transport.Transport$2.run(Transport.java:199)
	at java.security.AccessController.doPrivileged(Native Method)
	at sun.rmi.transport.Transport.serviceCall(Transport.java:198)
	at sun.rmi.transport.tcp.TCPTransport.handleMessages(TCPTransport.java:567)
	at sun.rmi.transport.tcp.TCPTransport$ConnectionHandler.run0(TCPTransport.java:828)
	at sun.rmi.transport.tcp.TCPTransport$ConnectionHandler.access$400(TCPTransport.java:619)
	at sun.rmi.transport.tcp.TCPTransport$ConnectionHandler$1.run(TCPTransport.java:684)
	at sun.rmi.transport.tcp.TCPTransport$ConnectionHandler$1.run(TCPTransport.java:681)
	at java.security.AccessController.doPrivileged(Native Method)
	at sun.rmi.transport.tcp.TCPTransport$ConnectionHandler.run(TCPTransport.java:681)
	at java.util.concurrent.ThreadPoolExecutor.runWorker(ThreadPoolExecutor.java:1145)
	at java.util.concurrent.ThreadPoolExecutor$Worker.run(ThreadPoolExecutor.java:615)
	at java.lang.Thread.run(Thread.java:745)
Caused by: com.intellij.openapi.externalSystem.model.ExternalSystemException: /home/rob/workspace/Luhn/build.sbt:8: error: eof expected but ';' found.
libraryDependencies += "org.scalacheck" %% "scalacheck" % "1.12.2" % "test"
[error] Error parsing expression.  Ensure that settings are separated by blank lines.
^

	at org.jetbrains.sbt.project.SbtProjectResolver.resolveProjectInfo(SbtProjectResolver.scala:47)
	at org.jetbrains.sbt.project.SbtProjectResolver.resolveProjectInfo(SbtProjectResolver.scala:23)
	at com.intellij.openapi.externalSystem.service.remote.RemoteExternalSystemProjectResolverImpl$1.produce(RemoteExternalSystemProjectResolverImpl.java:41)
	at com.intellij.openapi.externalSystem.service.remote.RemoteExternalSystemProjectResolverImpl$1.produce(RemoteExternalSystemProjectResolverImpl.java:37)
	at com.intellij.openapi.externalSystem.service.remote.AbstractRemoteExternalSystemService.execute(AbstractRemoteExternalSystemService.java:59)
	at com.intellij.openapi.externalSystem.service.remote.RemoteExternalSystemProjectResolverImpl.resolveProjectInfo(RemoteExternalSystemProjectResolverImpl.java:37)
	... 25 more
 
[ 265506]   WARN - openapi.wm.impl.ToolWindowImpl - ToolWindow icons should be 13x13. Please fix ToolWindow (ID:  SBT) or icon jar:file:/home/rob/.IdeaIC14/config/plugins/Scala/lib/scala-plugin.jar!/sbt.png 
MEvent. CASE!
MEvent. CASE!
MEvent. CASE!
MEvent. CASE!
MEvent. CASE!
MEvent. CASE!
MEvent. CASE!
MEvent. CASE!
MEvent. CASE!
MEvent. CASE!
MEvent. CASE!
MEvent. CASE!
MEvent. CASE!
MEvent. CASE!
MEvent. CASE!
MEvent. CASE!
MEvent. CASE!
MEvent. CASE!
MEvent. CASE!
MEvent. CASE!
MEvent. CASE!
MEvent. CASE!
[2510799]  ERROR - lij.debugger.impl.InvokeThread - null 
java.lang.NullPointerException
	at org.jetbrains.plugins.scala.lang.psi.ScalaPsiUtil$.workWithStub$1(ScalaPsiUtil.scala:1084)
	at org.jetbrains.plugins.scala.lang.psi.ScalaPsiUtil$.getPrevStubOrPsiElement(ScalaPsiUtil.scala:1100)
	at org.jetbrains.plugins.scala.lang.psi.ScImportsHolder$class.processDeclarations(ScImportsHolder.scala:72)
	at org.jetbrains.plugins.scala.lang.psi.api.FileDeclarationsHolder$class.processDeclarations(FileDeclarationsHolder.scala:45)
	at org.jetbrains.plugins.scala.lang.psi.impl.ScalaFileImpl.processDeclarations(ScalaFileImpl.scala:43)
	at com.intellij.psi.util.PsiTreeUtil.treeWalkUp(PsiTreeUtil.java:988)
	at org.jetbrains.plugins.scala.debugger.ScalaFrameExtraVariablesProvider.org$jetbrains$plugins$scala$debugger$ScalaFrameExtraVariablesProvider$$getVisibleVariables(ScalaFrameExtraVariablesProvider.scala:50)
	at org.jetbrains.plugins.scala.debugger.ScalaFrameExtraVariablesProvider$$anonfun$1.apply(ScalaFrameExtraVariablesProvider.scala:42)
	at org.jetbrains.plugins.scala.debugger.ScalaFrameExtraVariablesProvider$$anonfun$1.apply(ScalaFrameExtraVariablesProvider.scala:38)
	at org.jetbrains.plugins.scala.extensions.package$$anon$10.compute(package.scala:376)
	at com.intellij.openapi.application.impl.ApplicationImpl.runReadAction(ApplicationImpl.java:931)
	at org.jetbrains.plugins.scala.extensions.package$.inReadAction(package.scala:375)
	at org.jetbrains.plugins.scala.debugger.ScalaFrameExtraVariablesProvider.collectVariables(ScalaFrameExtraVariablesProvider.scala:38)
	at com.intellij.debugger.engine.JavaStackFrame.computeExtraVars(JavaStackFrame.java:355)
	at com.intellij.debugger.engine.JavaStackFrame.buildVariables(JavaStackFrame.java:303)
	at com.intellij.debugger.engine.JavaStackFrame.buildVariablesThreadAction(JavaStackFrame.java:232)
	at com.intellij.debugger.engine.JavaStackFrame.access$000(JavaStackFrame.java:60)
	at com.intellij.debugger.engine.JavaStackFrame$1.threadAction(JavaStackFrame.java:140)
	at com.intellij.debugger.engine.events.DebuggerContextCommandImpl.contextAction(DebuggerContextCommandImpl.java:59)
	at com.intellij.debugger.engine.events.SuspendContextCommandImpl.action(SuspendContextCommandImpl.java:61)
	at com.intellij.debugger.engine.events.DebuggerCommandImpl.run(DebuggerCommandImpl.java:45)
	at com.intellij.debugger.engine.DebuggerManagerThreadImpl.processEvent(DebuggerManagerThreadImpl.java:151)
	at com.intellij.debugger.engine.DebuggerManagerThreadImpl.processEvent(DebuggerManagerThreadImpl.java:39)
	at com.intellij.debugger.impl.InvokeThread.run(InvokeThread.java:146)
	at com.intellij.debugger.impl.InvokeThread.access$100(InvokeThread.java:28)
	at com.intellij.debugger.impl.InvokeThread$WorkerThreadRequest.run(InvokeThread.java:55)
	at com.intellij.openapi.application.impl.ApplicationImpl$8.run(ApplicationImpl.java:406)
	at java.util.concurrent.Executors$RunnableAdapter.call(Executors.java:471)
	at java.util.concurrent.FutureTask.run(FutureTask.java:262)
	at java.util.concurrent.ThreadPoolExecutor.runWorker(ThreadPoolExecutor.java:1145)
	at java.util.concurrent.ThreadPoolExecutor$Worker.run(ThreadPoolExecutor.java:615)
	at java.lang.Thread.run(Thread.java:745)
	at org.jetbrains.ide.PooledThreadExecutor$1$1.run(PooledThreadExecutor.java:56)
[2510802]  ERROR - lij.debugger.impl.InvokeThread - IntelliJ IDEA 14.0.3  Build #IC-139.1117.1 
[2510802]  ERROR - lij.debugger.impl.InvokeThread - JDK: 1.7.0_75 
[2510802]  ERROR - lij.debugger.impl.InvokeThread - VM: Java HotSpot(TM) 64-Bit Server VM 
[2510802]  ERROR - lij.debugger.impl.InvokeThread - Vendor: Oracle Corporation 
[2510802]  ERROR - lij.debugger.impl.InvokeThread - OS: Linux 
[2510802]  ERROR - lij.debugger.impl.InvokeThread - Last Action: StepInto 
MEvent. CASE!
MEvent. CASE!
MEvent. CASE!
MEvent. CASE!
MEvent. CASE!
MEvent. CASE!
MEvent. CASE!
MEvent. CASE!
MEvent. CASE!
MEvent. CASE!
MEvent. CASE!
MEvent. CASE!
MEvent. CASE!
MEvent. CASE!
MEvent. CASE!
MEvent. CASE!
MEvent. CASE!
MEvent. CASE!
MEvent. CASE!
MEvent. CASE!
MEvent. CASE!
MEvent. CASE!
MEvent. CASE!
MEvent. CASE!
MEvent. CASE!
MEvent. CASE!
MEvent. CASE!
MEvent. CASE!
[2946941]   WARN - ution.process.OSProcessHandler - Cannot kill process tree. Trying to destroy process using Java API. Cmdline:
/home/rob/tools/jdk1.7.0_75/bin/java -agentlib:jdwp=transport=dt_socket,address=127.0.0.1:38345,suspend=y,server=n -Dfile.encoding=UTF-8 -classpath /home/rob/.IdeaIC14/config/plugins/Scala/lib/scala-plugin-runners.jar:/home/rob/.IdeaIC14/config/plugins/Scala/lib/Runners.jar:/home/rob/tools/jdk1.7.0_75/jre/lib/management-agent.jar:/home/rob/tools/jdk1.7.0_75/jre/lib/jfxrt.jar:/home/rob/tools/jdk1.7.0_75/jre/lib/deploy.jar:/home/rob/tools/jdk1.7.0_75/jre/lib/charsets.jar:/home/rob/tools/jdk1.7.0_75/jre/lib/jsse.jar:/home/rob/tools/jdk1.7.0_75/jre/lib/plugin.jar:/home/rob/tools/jdk1.7.0_75/jre/lib/rt.jar:/home/rob/tools/jdk1.7.0_75/jre/lib/jfr.jar:/home/rob/tools/jdk1.7.0_75/jre/lib/jce.jar:/home/rob/tools/jdk1.7.0_75/jre/lib/resources.jar:/home/rob/tools/jdk1.7.0_75/jre/lib/javaws.jar:/home/rob/tools/jdk1.7.0_75/jre/lib/ext/sunjce_provider.jar:/home/rob/tools/jdk1.7.0_75/jre/lib/ext/dnsns.jar:/home/rob/tools/jdk1.7.0_75/jre/lib/ext/zipfs.jar:/home/rob/tools/jdk1.7.0_75/jre/lib/ext/localedata.jar:/home/rob/tools/jdk1.7.0_75/jre/lib/ext/sunpkcs11.jar:/home/rob/tools/jdk1.7.0_75/jre/lib/ext/sunec.jar:/home/rob/workspace/Luhn/target/scala-2.11/test-classes:/home/rob/workspace/Luhn/target/scala-2.11/classes:/home/rob/.ivy2/cache/org.scala-lang/scala-library/jars/scala-library-2.11.5.jar:/home/rob/.ivy2/cache/org.scala-lang/scala-reflect/jars/scala-reflect-2.11.2.jar:/home/rob/.ivy2/cache/org.scala-lang.modules/scala-parser-combinators_2.11/bundles/scala-parser-combinators_2.11-1.0.2.jar:/home/rob/.ivy2/cache/org.scala-lang.modules/scala-xml_2.11/bundles/scala-xml_2.11-1.0.2.jar:/home/rob/.ivy2/cache/org.scala-sbt/test-interface/jars/test-interface-1.0.jar:/home/rob/.ivy2/cache/org.scalacheck/scalacheck_2.11/jars/scalacheck_2.11-1.12.2.jar:/home/rob/.ivy2/cache/org.scalatest/scalatest_2.11/bundles/scalatest_2.11-2.2.4.jar:/home/rob/tools/idea-IC-139.1117.1/lib/idea_rt.jar org.jetbrains.plugins.scala.testingSupport.scalaTest.ScalaTestRunner -s io.rob.LuhnTest -showProgressMessages true -C org.jetbrains.plugins.scala.testingSupport.scalaTest.ScalaTestReporter 
MEvent. CASE!
MEvent. CASE!
MEvent. CASE!
MEvent. CASE!
[3257705]   WARN - openapi.wm.impl.ToolWindowImpl - ToolWindow icons should be 13x13. Please fix ToolWindow (ID:  SBT) or icon jar:file:/home/rob/.IdeaIC14/config/plugins/Scala/lib/scala-plugin.jar!/sbt.png 
MEvent. CASE!
MEvent. CASE!
MEvent. CASE!
MEvent. CASE!
MEvent. CASE!
MEvent. CASE!
MEvent. CASE!
MEvent. CASE!
[4895037]   WARN - openapi.wm.impl.ToolWindowImpl - ToolWindow icons should be 13x13. Please fix ToolWindow (ID:  SBT) or icon jar:file:/home/rob/.IdeaIC14/config/plugins/Scala/lib/scala-plugin.jar!/sbt.png 
MEvent. CASE!
MEvent. CASE!
MEvent. CASE!
MEvent. CASE!
MEvent. CASE!
MEvent. CASE!
MEvent. CASE!
MEvent. CASE!
MEvent. CASE!
MEvent. CASE!
MEvent. CASE!
MEvent. CASE!
MEvent. CASE!
MEvent. CASE!
MEvent. CASE!
MEvent. CASE!
MEvent. CASE!
MEvent. CASE!
MEvent. CASE!
MEvent. CASE!
MEvent. CASE!
MEvent. CASE!
MEvent. CASE!
MEvent. CASE!
MEvent. CASE!
MEvent. CASE!
MEvent. CASE!
MEvent. CASE!
MEvent. CASE!
MEvent. CASE!
MEvent. CASE!
MEvent. CASE!
MEvent. CASE!
MEvent. CASE!
MEvent. CASE!
MEvent. CASE!
MEvent. CASE!
MEvent. CASE!
MEvent. CASE!
MEvent. CASE!
MEvent. CASE!
MEvent. CASE!
[7400346]   WARN - api.vfs.impl.local.FileWatcher - Watcher terminated with exit code 0 
